2024-11-17 14:41:36.149 [info] Reading sessions from keychain...
2024-11-17 14:41:36.149 [info] Getting sessions for all scopes...
2024-11-17 14:41:36.149 [info] Got 0 sessions for ...
2024-11-17 14:41:36.149 [info] Getting sessions for all scopes...
2024-11-17 14:41:36.149 [info] Got 0 sessions for ...
2024-11-17 14:41:36.149 [info] Getting sessions for all scopes...
2024-11-17 14:41:36.149 [info] Got 0 sessions for ...
2024-11-17 14:41:36.149 [info] Getting sessions for read:user,repo,user:email,workflow...
2024-11-17 14:41:36.149 [info] Got 0 sessions for read:user,repo,user:email,workflow...
2024-11-17 14:41:36.149 [info] Getting sessions for all scopes...
2024-11-17 14:41:36.149 [info] Got 0 sessions for ...
2024-11-17 14:41:36.149 [info] Getting sessions for all scopes...
2024-11-17 14:41:36.149 [info] Got 0 sessions for ...
2024-11-17 14:41:36.149 [info] Getting sessions for read:user...
2024-11-17 14:41:36.149 [info] Got 0 sessions for read:user...
2024-11-17 14:41:36.149 [info] Getting sessions for user:email...
2024-11-17 14:41:36.149 [info] Got 0 sessions for user:email...
2024-11-17 14:41:36.149 [info] Getting sessions for read:user,repo,user:email,workflow...
2024-11-17 14:41:36.149 [info] Got 0 sessions for read:user,repo,user:email,workflow...
2024-11-17 14:41:36.149 [info] Getting sessions for user:email...
2024-11-17 14:41:36.149 [info] Got 0 sessions for user:email...
2024-11-17 14:41:36.149 [info] Getting sessions for all scopes...
2024-11-17 14:41:36.149 [info] Got 0 sessions for ...
2024-11-17 14:41:36.149 [info] Getting sessions for user:email...
2024-11-17 14:41:36.149 [info] Got 0 sessions for user:email...
2024-11-17 14:41:36.150 [info] Getting sessions for all scopes...
2024-11-17 14:41:36.150 [info] Got 0 sessions for ...
2024-11-17 14:41:36.151 [info] Getting sessions for user:email...
2024-11-17 14:41:36.151 [info] Got 0 sessions for user:email...
2024-11-17 14:41:36.153 [info] Getting sessions for all scopes...
2024-11-17 14:41:36.153 [info] Got 0 sessions for ...
2024-11-17 14:41:36.153 [info] Getting sessions for user:email...
2024-11-17 14:41:36.153 [info] Got 0 sessions for user:email...
2024-11-17 14:41:36.154 [info] Getting sessions for all scopes...
2024-11-17 14:41:36.154 [info] Got 0 sessions for ...
2024-11-17 14:41:36.155 [info] Getting sessions for user:email...
2024-11-17 14:41:36.155 [info] Got 0 sessions for user:email...
2024-11-17 14:41:36.461 [info] Getting sessions for all scopes...
2024-11-17 14:41:36.461 [info] Got 0 sessions for ...
