2024-11-17 18:07:06.391 [info] Reading sessions from keychain...
2024-11-17 18:07:06.391 [info] Getting sessions for all scopes...
2024-11-17 18:07:06.391 [info] Got 0 sessions for ...
2024-11-17 18:07:06.391 [info] Getting sessions for all scopes...
2024-11-17 18:07:06.391 [info] Got 0 sessions for ...
2024-11-17 18:07:06.391 [info] Getting sessions for all scopes...
2024-11-17 18:07:06.391 [info] Got 0 sessions for ...
2024-11-17 18:07:06.391 [info] Getting sessions for read:user,repo,user:email,workflow...
2024-11-17 18:07:06.391 [info] Got 0 sessions for read:user,repo,user:email,workflow...
2024-11-17 18:07:06.391 [info] Getting sessions for all scopes...
2024-11-17 18:07:06.391 [info] Got 0 sessions for ...
2024-11-17 18:07:06.391 [info] Getting sessions for all scopes...
2024-11-17 18:07:06.391 [info] Got 0 sessions for ...
2024-11-17 18:07:06.391 [info] Getting sessions for read:user...
2024-11-17 18:07:06.391 [info] Got 0 sessions for read:user...
2024-11-17 18:07:06.391 [info] Getting sessions for user:email...
2024-11-17 18:07:06.391 [info] Got 0 sessions for user:email...
2024-11-17 18:07:06.391 [info] Getting sessions for read:user,repo,user:email,workflow...
2024-11-17 18:07:06.391 [info] Got 0 sessions for read:user,repo,user:email,workflow...
2024-11-17 18:07:06.397 [info] Getting sessions for user:email...
2024-11-17 18:07:06.397 [info] Got 0 sessions for user:email...
2024-11-17 18:07:06.397 [info] Getting sessions for all scopes...
2024-11-17 18:07:06.397 [info] Got 0 sessions for ...
