2024-11-18 13:26:56.462 [info] Reading sessions from keychain...
2024-11-18 13:26:56.462 [info] Getting sessions for all scopes...
2024-11-18 13:26:56.462 [info] Got 0 sessions for ...
2024-11-18 13:26:56.462 [info] Getting sessions for all scopes...
2024-11-18 13:26:56.462 [info] Got 0 sessions for ...
2024-11-18 13:26:56.462 [info] Getting sessions for all scopes...
2024-11-18 13:26:56.462 [info] Got 0 sessions for ...
2024-11-18 13:26:56.462 [info] Getting sessions for read:user,repo,user:email,workflow...
2024-11-18 13:26:56.462 [info] Got 0 sessions for read:user,repo,user:email,workflow...
2024-11-18 13:26:56.462 [info] Getting sessions for all scopes...
2024-11-18 13:26:56.462 [info] Got 0 sessions for ...
2024-11-18 13:26:56.462 [info] Getting sessions for all scopes...
2024-11-18 13:26:56.462 [info] Got 0 sessions for ...
2024-11-18 13:26:56.462 [info] Getting sessions for read:user...
2024-11-18 13:26:56.462 [info] Got 0 sessions for read:user...
2024-11-18 13:26:56.462 [info] Getting sessions for user:email...
2024-11-18 13:26:56.462 [info] Got 0 sessions for user:email...
2024-11-18 13:26:56.462 [info] Getting sessions for read:user,repo,user:email,workflow...
2024-11-18 13:26:56.462 [info] Got 0 sessions for read:user,repo,user:email,workflow...
2024-11-18 13:26:56.470 [info] Getting sessions for user:email...
2024-11-18 13:26:56.470 [info] Got 0 sessions for user:email...
2024-11-18 13:26:56.470 [info] Getting sessions for all scopes...
2024-11-18 13:26:56.470 [info] Got 0 sessions for ...
2024-11-18 13:26:56.565 [info] Getting sessions for user:email...
2024-11-18 13:26:56.565 [info] Got 0 sessions for user:email...
2024-11-18 13:26:56.566 [info] Getting sessions for all scopes...
2024-11-18 13:26:56.566 [info] Got 0 sessions for ...
2024-11-18 13:26:56.566 [info] Getting sessions for user:email...
2024-11-18 13:26:56.566 [info] Got 0 sessions for user:email...
2024-11-18 13:26:56.592 [info] Getting sessions for all scopes...
2024-11-18 13:26:56.592 [info] Got 0 sessions for ...
2024-11-18 13:26:56.592 [info] Getting sessions for user:email...
2024-11-18 13:26:56.592 [info] Got 0 sessions for user:email...
2024-11-18 13:26:56.593 [info] Getting sessions for all scopes...
2024-11-18 13:26:56.593 [info] Got 0 sessions for ...
2024-11-18 13:26:56.593 [info] Getting sessions for user:email...
2024-11-18 13:26:56.593 [info] Got 0 sessions for user:email...
2024-11-18 13:26:57.283 [info] Getting sessions for all scopes...
2024-11-18 13:26:57.283 [info] Got 0 sessions for ...
2024-11-18 13:41:56.582 [info] Getting sessions for all scopes...
2024-11-18 13:41:56.584 [info] Got 0 sessions for ...
2024-11-18 13:41:56.591 [info] Getting sessions for user:email...
2024-11-18 13:41:56.591 [info] Got 0 sessions for user:email...
2024-11-18 13:41:56.617 [info] Getting sessions for all scopes...
2024-11-18 13:41:56.617 [info] Got 0 sessions for ...
2024-11-18 13:41:56.618 [info] Getting sessions for user:email...
2024-11-18 13:41:56.618 [info] Got 0 sessions for user:email...
2024-11-18 13:56:56.523 [info] Getting sessions for all scopes...
2024-11-18 13:56:56.524 [info] Got 0 sessions for ...
2024-11-18 13:56:56.525 [info] Getting sessions for user:email...
2024-11-18 13:56:56.525 [info] Got 0 sessions for user:email...
2024-11-18 13:56:56.526 [info] Getting sessions for all scopes...
2024-11-18 13:56:56.527 [info] Got 0 sessions for ...
2024-11-18 13:56:56.527 [info] Getting sessions for user:email...
2024-11-18 13:56:56.527 [info] Got 0 sessions for user:email...
2024-11-18 14:25:19.760 [info] Getting sessions for all scopes...
2024-11-18 14:25:19.761 [info] Got 0 sessions for ...
2024-11-18 14:25:19.764 [info] Getting sessions for user:email...
2024-11-18 14:25:19.764 [info] Got 0 sessions for user:email...
2024-11-18 14:25:19.766 [info] Getting sessions for all scopes...
2024-11-18 14:25:19.766 [info] Got 0 sessions for ...
2024-11-18 14:25:19.766 [info] Getting sessions for user:email...
2024-11-18 14:25:19.766 [info] Got 0 sessions for user:email...
2024-11-18 14:40:19.827 [info] Getting sessions for all scopes...
2024-11-18 14:40:19.828 [info] Got 0 sessions for ...
2024-11-18 14:40:19.829 [info] Getting sessions for user:email...
2024-11-18 14:40:19.829 [info] Got 0 sessions for user:email...
2024-11-18 14:40:19.830 [info] Getting sessions for all scopes...
2024-11-18 14:40:19.830 [info] Got 0 sessions for ...
2024-11-18 14:40:19.830 [info] Getting sessions for user:email...
2024-11-18 14:40:19.830 [info] Got 0 sessions for user:email...
2024-11-18 14:55:19.847 [info] Getting sessions for all scopes...
2024-11-18 14:55:19.847 [info] Got 0 sessions for ...
2024-11-18 14:55:19.849 [info] Getting sessions for user:email...
2024-11-18 14:55:19.849 [info] Got 0 sessions for user:email...
2024-11-18 14:55:19.850 [info] Getting sessions for all scopes...
2024-11-18 14:55:19.850 [info] Got 0 sessions for ...
2024-11-18 14:55:19.851 [info] Getting sessions for user:email...
2024-11-18 14:55:19.851 [info] Got 0 sessions for user:email...
