2024-11-16 20:24:36.854 [info] Reading sessions from keychain...
2024-11-16 20:24:36.854 [info] Getting sessions for all scopes...
2024-11-16 20:24:36.854 [info] Got 0 sessions for ...
2024-11-16 20:24:36.854 [info] Getting sessions for all scopes...
2024-11-16 20:24:36.854 [info] Got 0 sessions for ...
2024-11-16 20:24:36.854 [info] Getting sessions for all scopes...
2024-11-16 20:24:36.854 [info] Got 0 sessions for ...
2024-11-16 20:24:36.854 [info] Getting sessions for read:user,repo,user:email,workflow...
2024-11-16 20:24:36.854 [info] Got 0 sessions for read:user,repo,user:email,workflow...
2024-11-16 20:24:36.854 [info] Getting sessions for all scopes...
2024-11-16 20:24:36.854 [info] Got 0 sessions for ...
2024-11-16 20:24:36.854 [info] Getting sessions for all scopes...
2024-11-16 20:24:36.854 [info] Got 0 sessions for ...
2024-11-16 20:24:36.854 [info] Getting sessions for read:user...
2024-11-16 20:24:36.854 [info] Got 0 sessions for read:user...
2024-11-16 20:24:36.854 [info] Getting sessions for user:email...
2024-11-16 20:24:36.854 [info] Got 0 sessions for user:email...
2024-11-16 20:24:36.854 [info] Getting sessions for read:user,repo,user:email,workflow...
2024-11-16 20:24:36.854 [info] Got 0 sessions for read:user,repo,user:email,workflow...
2024-11-16 20:24:36.854 [info] Getting sessions for user:email...
2024-11-16 20:24:36.854 [info] Got 0 sessions for user:email...
2024-11-16 20:24:36.854 [info] Getting sessions for all scopes...
2024-11-16 20:24:36.854 [info] Got 0 sessions for ...
2024-11-16 20:24:36.858 [info] Getting sessions for user:email...
2024-11-16 20:24:36.858 [info] Got 0 sessions for user:email...
2024-11-16 20:24:36.860 [info] Getting sessions for all scopes...
2024-11-16 20:24:36.860 [info] Got 0 sessions for ...
2024-11-16 20:24:36.885 [info] Getting sessions for user:email...
2024-11-16 20:24:36.887 [info] Got 0 sessions for user:email...
2024-11-16 20:24:36.887 [info] Getting sessions for all scopes...
2024-11-16 20:24:36.887 [info] Got 0 sessions for ...
2024-11-16 20:24:36.899 [info] Getting sessions for user:email...
2024-11-16 20:24:36.899 [info] Got 0 sessions for user:email...
2024-11-16 20:24:37.000 [info] Getting sessions for all scopes...
2024-11-16 20:24:37.000 [info] Got 0 sessions for ...
2024-11-16 20:24:37.037 [info] Getting sessions for user:email...
2024-11-16 20:24:37.037 [info] Got 0 sessions for user:email...
2024-11-16 20:24:37.604 [info] Getting sessions for all scopes...
2024-11-16 20:24:37.604 [info] Got 0 sessions for ...
